[debug] [2023-10-20T20:47:07.732Z] ----------------------------------------------------------------------
[debug] [2023-10-20T20:47:07.735Z] Command:       /home/przanowo/.nvm/versions/node/v18.17.0/bin/node /home/przanowo/.nvm/versions/node/v18.17.0/bin/firebase deploy
[debug] [2023-10-20T20:47:07.735Z] CLI Version:   12.4.7
[debug] [2023-10-20T20:47:07.736Z] Platform:      linux
[debug] [2023-10-20T20:47:07.736Z] Node Version:  v18.17.0
[debug] [2023-10-20T20:47:07.737Z] Time:          Fri Oct 20 2023 22:47:07 GMT+0200 (Central European Summer Time)
[debug] [2023-10-20T20:47:07.737Z] ----------------------------------------------------------------------
[debug] 
[debug] [2023-10-20T20:47:07.812Z] > command requires scopes: ["email","openid","https://www.googleapis.com/auth/cloudplatformprojects.readonly","https://www.googleapis.com/auth/firebase","https://www.googleapis.com/auth/cloud-platform"]
[debug] [2023-10-20T20:47:07.813Z] > authorizing via signed-in user (miniparfumqueen@gmail.com)
[debug] [2023-10-20T20:47:07.813Z] [iam] checking project miniparfumqueen for permissions ["cloudfunctions.functions.create","cloudfunctions.functions.delete","cloudfunctions.functions.get","cloudfunctions.functions.list","cloudfunctions.functions.update","cloudfunctions.operations.get","firebase.projects.get","firebasehosting.sites.update"]
[debug] [2023-10-20T20:47:07.814Z] > refreshing access token with scopes: []
[debug] [2023-10-20T20:47:07.816Z] >>> [apiv2][query] POST https://www.googleapis.com/oauth2/v3/token [none]
[debug] [2023-10-20T20:47:07.816Z] >>> [apiv2][body] POST https://www.googleapis.com/oauth2/v3/token [omitted]
[debug] [2023-10-20T20:49:19.476Z] *** [apiv2] error from fetch(https://www.googleapis.com/oauth2/v3/token, {"headers":{},"method":"POST","body":{"_overheadLength":545,"_valueLength":212,"_valuesToMeasure":[],"writable":false,"readable":true,"dataSize":0,"maxDataSize":2097152,"pauseStreams":true,"_released":true,"_streams":[],"_currentStream":null,"_insideLoop":false,"_pendingNext":false,"_boundary":"--------------------------289906540126958743082755","_events":{},"_eventsCount":1}}): FetchError: request to https://www.googleapis.com/oauth2/v3/token failed, reason: connect ETIMEDOUT 216.239.32.10:443
[debug] [2023-10-20T20:49:19.477Z] [iam] error while checking permissions, command may fail: FirebaseError: Authentication Error: Your credentials are no longer valid. Please run firebase login --reauth

For CI servers and headless environments, generate a new token with firebase login:ci
[debug] [2023-10-20T20:49:19.477Z] > refreshing access token with scopes: []
[debug] [2023-10-20T20:49:19.478Z] >>> [apiv2][query] POST https://www.googleapis.com/oauth2/v3/token [none]
[debug] [2023-10-20T20:49:19.478Z] >>> [apiv2][body] POST https://www.googleapis.com/oauth2/v3/token [omitted]
[debug] [2023-10-20T20:49:19.688Z] <<< [apiv2][status] POST https://www.googleapis.com/oauth2/v3/token 200
[debug] [2023-10-20T20:49:19.688Z] <<< [apiv2][body] POST https://www.googleapis.com/oauth2/v3/token [omitted]
[debug] [2023-10-20T20:49:19.708Z] >>> [apiv2][query] POST https://iam.googleapis.com/v1/projects/miniparfumqueen/serviceAccounts/miniparfumqueen@appspot.gserviceaccount.com:testIamPermissions [none]
[debug] [2023-10-20T20:49:19.708Z] >>> [apiv2][body] POST https://iam.googleapis.com/v1/projects/miniparfumqueen/serviceAccounts/miniparfumqueen@appspot.gserviceaccount.com:testIamPermissions {"permissions":["iam.serviceAccounts.actAs"]}
[debug] [2023-10-20T20:49:20.617Z] <<< [apiv2][status] POST https://iam.googleapis.com/v1/projects/miniparfumqueen/serviceAccounts/miniparfumqueen@appspot.gserviceaccount.com:testIamPermissions 200
[debug] [2023-10-20T20:49:20.617Z] <<< [apiv2][body] POST https://iam.googleapis.com/v1/projects/miniparfumqueen/serviceAccounts/miniparfumqueen@appspot.gserviceaccount.com:testIamPermissions {"permissions":["iam.serviceAccounts.actAs"]}
[debug] [2023-10-20T20:49:20.618Z] >>> [apiv2][query] GET https://firebase.googleapis.com/v1beta1/projects/miniparfumqueen [none]
[debug] [2023-10-20T20:49:50.650Z] *** [apiv2] error from fetch(https://firebase.googleapis.com/v1beta1/projects/miniparfumqueen, {"headers":{},"method":"GET","signal":{}}): AbortError: The user aborted a request.
[debug] [2023-10-20T20:49:50.650Z] Timeout reached making request to https://firebase.googleapis.com/v1beta1/projects/miniparfumqueen (original: The user aborted a request.)
[debug] [2023-10-20T20:49:55.663Z] Error: Timed out.
    at Timeout._onTimeout (/home/przanowo/.nvm/versions/node/v18.17.0/lib/node_modules/firebase-tools/lib/utils.js:254:49)
    at listOnTimeout (node:internal/timers:569:17)
    at process.processTimers (node:internal/timers:512:7)
[error] 
[error] Error: An unexpected error has occurred.
[debug] [2023-10-20T20:50:05.533Z] ----------------------------------------------------------------------
[debug] [2023-10-20T20:50:05.535Z] Command:       /home/przanowo/.nvm/versions/node/v18.17.0/bin/node /home/przanowo/.nvm/versions/node/v18.17.0/bin/firebase deploy
[debug] [2023-10-20T20:50:05.535Z] CLI Version:   12.4.7
[debug] [2023-10-20T20:50:05.535Z] Platform:      linux
[debug] [2023-10-20T20:50:05.535Z] Node Version:  v18.17.0
[debug] [2023-10-20T20:50:05.536Z] Time:          Fri Oct 20 2023 22:50:05 GMT+0200 (Central European Summer Time)
[debug] [2023-10-20T20:50:05.536Z] ----------------------------------------------------------------------
[debug] 
[debug] [2023-10-20T20:50:05.591Z] > command requires scopes: ["email","openid","https://www.googleapis.com/auth/cloudplatformprojects.readonly","https://www.googleapis.com/auth/firebase","https://www.googleapis.com/auth/cloud-platform"]
[debug] [2023-10-20T20:50:05.591Z] > authorizing via signed-in user (miniparfumqueen@gmail.com)
[debug] [2023-10-20T20:50:05.591Z] [iam] checking project miniparfumqueen for permissions ["cloudfunctions.functions.create","cloudfunctions.functions.delete","cloudfunctions.functions.get","cloudfunctions.functions.list","cloudfunctions.functions.update","cloudfunctions.operations.get","firebase.projects.get","firebasehosting.sites.update"]
[debug] [2023-10-20T20:50:05.593Z] >>> [apiv2][query] POST https://cloudresourcemanager.googleapis.com/v1/projects/miniparfumqueen:testIamPermissions [none]
[debug] [2023-10-20T20:50:05.593Z] >>> [apiv2][(partial)header] POST https://cloudresourcemanager.googleapis.com/v1/projects/miniparfumqueen:testIamPermissions x-goog-quota-user=projects/miniparfumqueen
[debug] [2023-10-20T20:50:05.593Z] >>> [apiv2][body] POST https://cloudresourcemanager.googleapis.com/v1/projects/miniparfumqueen:testIamPermissions {"permissions":["cloudfunctions.functions.create","cloudfunctions.functions.delete","cloudfunctions.functions.get","cloudfunctions.functions.list","cloudfunctions.functions.update","cloudfunctions.operations.get","firebase.projects.get","firebasehosting.sites.update"]}
[debug] [2023-10-20T20:52:18.676Z] *** [apiv2] error from fetch(https://cloudresourcemanager.googleapis.com/v1/projects/miniparfumqueen:testIamPermissions, {"headers":{},"method":"POST","body":"{\"permissions\":[\"cloudfunctions.functions.create\",\"cloudfunctions.functions.delete\",\"cloudfunctions.functions.get\",\"cloudfunctions.functions.list\",\"cloudfunctions.functions.update\",\"cloudfunctions.operations.get\",\"firebase.projects.get\",\"firebasehosting.sites.update\"]}"}): FetchError: request to https://cloudresourcemanager.googleapis.com/v1/projects/miniparfumqueen:testIamPermissions failed, reason: connect ETIMEDOUT 216.239.32.10:443
[debug] [2023-10-20T20:52:18.677Z] [iam] error while checking permissions, command may fail: FirebaseError: Failed to make request to https://cloudresourcemanager.googleapis.com/v1/projects/miniparfumqueen:testIamPermissions
[debug] [2023-10-20T20:52:18.678Z] >>> [apiv2][query] POST https://iam.googleapis.com/v1/projects/miniparfumqueen/serviceAccounts/miniparfumqueen@appspot.gserviceaccount.com:testIamPermissions [none]
[debug] [2023-10-20T20:52:18.678Z] >>> [apiv2][body] POST https://iam.googleapis.com/v1/projects/miniparfumqueen/serviceAccounts/miniparfumqueen@appspot.gserviceaccount.com:testIamPermissions {"permissions":["iam.serviceAccounts.actAs"]}
[debug] [2023-10-20T20:54:14.054Z] ----------------------------------------------------------------------
[debug] [2023-10-20T20:54:14.056Z] Command:       /home/przanowo/.nvm/versions/node/v18.17.0/bin/node /home/przanowo/.nvm/versions/node/v18.17.0/bin/firebase deploy
[debug] [2023-10-20T20:54:14.056Z] CLI Version:   12.4.7
[debug] [2023-10-20T20:54:14.057Z] Platform:      linux
[debug] [2023-10-20T20:54:14.057Z] Node Version:  v18.17.0
[debug] [2023-10-20T20:54:14.057Z] Time:          Fri Oct 20 2023 22:54:14 GMT+0200 (Central European Summer Time)
[debug] [2023-10-20T20:54:14.057Z] ----------------------------------------------------------------------
[debug] 
[debug] [2023-10-20T20:54:14.119Z] > command requires scopes: ["email","openid","https://www.googleapis.com/auth/cloudplatformprojects.readonly","https://www.googleapis.com/auth/firebase","https://www.googleapis.com/auth/cloud-platform"]
[debug] [2023-10-20T20:54:14.120Z] > authorizing via signed-in user (miniparfumqueen@gmail.com)
[debug] [2023-10-20T20:54:14.120Z] [iam] checking project miniparfumqueen for permissions ["cloudfunctions.functions.create","cloudfunctions.functions.delete","cloudfunctions.functions.get","cloudfunctions.functions.list","cloudfunctions.functions.update","cloudfunctions.operations.get","firebase.projects.get","firebasehosting.sites.update"]
[debug] [2023-10-20T20:54:14.122Z] >>> [apiv2][query] POST https://cloudresourcemanager.googleapis.com/v1/projects/miniparfumqueen:testIamPermissions [none]
[debug] [2023-10-20T20:54:14.122Z] >>> [apiv2][(partial)header] POST https://cloudresourcemanager.googleapis.com/v1/projects/miniparfumqueen:testIamPermissions x-goog-quota-user=projects/miniparfumqueen
[debug] [2023-10-20T20:54:14.122Z] >>> [apiv2][body] POST https://cloudresourcemanager.googleapis.com/v1/projects/miniparfumqueen:testIamPermissions {"permissions":["cloudfunctions.functions.create","cloudfunctions.functions.delete","cloudfunctions.functions.get","cloudfunctions.functions.list","cloudfunctions.functions.update","cloudfunctions.operations.get","firebase.projects.get","firebasehosting.sites.update"]}
